<?xml version="1.0" encoding="UTF-8"?>
<testng-results skipped="0" failed="0" total="1" passed="1">
  <reporter-output>
  </reporter-output>
  <suite name="Default suite" duration-ms="155037" started-at="2016-08-25T03:48:36Z" finished-at="2016-08-25T03:51:11Z">
    <groups>
    </groups>
    <test name="Default test" duration-ms="155037" started-at="2016-08-25T03:48:36Z" finished-at="2016-08-25T03:51:11Z">
      <class name="CodeExcercise._testCase3">
        <test-method status="PASS" signature="androidConfig()[pri:0, instance:CodeExcercise._testCase3@20e2cbe0]" name="androidConfig" duration-ms="155010" started-at="2016-08-24T23:48:36Z" finished-at="2016-08-24T23:51:11Z">
          <reporter-output>
          </reporter-output>
        </test-method> <!-- androidConfig -->
      </class> <!-- CodeExcercise._testCase3 -->
    </test> <!-- Default test -->
  </suite> <!-- Default suite -->
</testng-results>
