<?xml version="1.0" encoding="UTF-8"?>
<testng-results skipped="0" failed="0" total="2" passed="2">
  <reporter-output>
  </reporter-output>
  <suite name="Default suite" duration-ms="105181" started-at="2016-05-19T06:57:16Z" finished-at="2016-05-19T06:59:01Z">
    <groups>
    </groups>
    <test name="Default test" duration-ms="105181" started-at="2016-05-19T06:57:16Z" finished-at="2016-05-19T06:59:01Z">
      <class name="lajlkjd.A">
        <test-method status="PASS" signature="m1()[pri:0, instance:lajlkjd.A@383bfa16]" name="m1" duration-ms="33133" started-at="2016-05-19T02:57:16Z" finished-at="2016-05-19T02:57:49Z">
          <reporter-output>
          </reporter-output>
        </test-method> <!-- m1 -->
        <test-method status="PASS" signature="m2()[pri:0, instance:lajlkjd.A@383bfa16]" name="m2" duration-ms="71138" started-at="2016-05-19T02:57:49Z" finished-at="2016-05-19T02:59:00Z">
          <reporter-output>
          </reporter-output>
        </test-method> <!-- m2 -->
        <test-method status="PASS" signature="result()[pri:0, instance:lajlkjd.A@383bfa16]" name="result" is-config="true" duration-ms="880" started-at="2016-05-19T02:59:00Z" finished-at="2016-05-19T02:59:01Z">
          <reporter-output>
          </reporter-output>
        </test-method> <!-- result -->
      </class> <!-- lajlkjd.A -->
    </test> <!-- Default test -->
  </suite> <!-- Default suite -->
</testng-results>
